2023-01-08 14:54:48.031 [info] Added views:workbench.panel.markers.view in workbench.panel.markers
2023-01-08 14:54:48.031 [info] Added views:workbench.panel.output in workbench.panel.output
2023-01-08 14:54:48.031 [info] Added views:terminal in terminal
2023-01-08 14:54:48.031 [info] Added views:outline in workbench.view.explorer
2023-01-08 14:54:48.031 [info] Added views:workbench.scm in workbench.view.scm
2023-01-08 14:54:48.031 [info] Added views:workbench.view.search in workbench.view.search
2023-01-08 14:54:48.031 [info] Added views:timeline in workbench.view.explorer
2023-01-08 14:54:48.031 [info] Added views:workbench.explorer.emptyView in workbench.view.explorer
2023-01-08 14:54:48.031 [info] Added views:workbench.debug.variablesView,workbench.debug.watchExpressionsView,workbench.debug.callStackView,workbench.debug.breakPointsView in workbench.view.debug
2023-01-08 14:54:48.721 [info] Added views:workbench.panel.repl.view in workbench.panel.repl
2023-01-08 14:54:48.722 [info] Removed views:workbench.debug.breakPointsView,workbench.debug.callStackView,workbench.debug.watchExpressionsView,workbench.debug.variablesView from workbench.view.debug
2023-01-08 14:54:48.723 [info] Added views:workbench.debug.welcome in workbench.view.debug
2023-01-08 14:55:03.558 [info] Added views:workbench.views.extensions.installed,workbench.views.extensions.popular,extensions.recommendedList in workbench.view.extensions
2023-01-08 14:55:03.562 [info] Removed views:workbench.views.extensions.popular from workbench.view.extensions
2023-01-08 14:55:03.805 [info] Added views:workbench.views.extensions.popular in workbench.view.extensions
2023-01-08 14:55:07.254 [info] Removed views:extensions.recommendedList,workbench.views.extensions.popular,workbench.views.extensions.installed from workbench.view.extensions
2023-01-08 14:55:07.260 [info] Added views:workbench.views.extensions.marketplace in workbench.view.extensions
2023-01-08 14:55:57.419 [info] Added views:jupyterViewVariables in workbench.view.extension.jupyter-variables
2023-01-08 14:55:57.420 [info] Added views:cell-tag in workbench.view.extension.jupyter
2023-01-08 14:55:58.228 [info] Added views:workbench.view.testing in workbench.view.extension.test
2023-01-08 14:56:13.682 [info] Removed views:workbench.view.testing from workbench.view.extension.test
